[debug] [2025-11-12T11:53:24.297Z] ----------------------------------------------------------------------
[debug] [2025-11-12T11:53:24.300Z] Command:       /usr/local/nodejs22/bin/node /usr/local/nodejs22/bin/firebase init functions
[debug] [2025-11-12T11:53:24.300Z] CLI Version:   14.6.0
[debug] [2025-11-12T11:53:24.301Z] Platform:      linux
[debug] [2025-11-12T11:53:24.301Z] Node Version:  v22.16.0
[debug] [2025-11-12T11:53:24.301Z] Time:          Wed Nov 12 2025 17:23:24 GMT+0530 (India Standard Time)
[debug] [2025-11-12T11:53:24.301Z] ----------------------------------------------------------------------
[debug] 
[debug] [2025-11-12T11:53:24.304Z] >>> [apiv2][query] GET https://firebase-public.firebaseio.com/cli.json [none]
[debug] [2025-11-12T11:53:24.360Z] > command requires scopes: ["email","openid","https://www.googleapis.com/auth/cloudplatformprojects.readonly","https://www.googleapis.com/auth/firebase","https://www.googleapis.com/auth/cloud-platform"]
[debug] [2025-11-12T11:53:24.360Z] > authorizing via signed-in user (pmtdevops@gmail.com)
[info] 
     ######## #### ########  ######## ########     ###     ######  ########
     ##        ##  ##     ## ##       ##     ##  ##   ##  ##       ##
     ######    ##  ########  ######   ########  #########  ######  ######
     ##        ##  ##    ##  ##       ##     ## ##     ##       ## ##
     ##       #### ##     ## ######## ########  ##     ##  ######  ########

You're about to initialize a Firebase project in this directory:

  /home/naveen/K9SMB/sob-dev

[info] 
=== Project Setup
[info] 
[info] First, let's associate this project directory with a Firebase project.
[info] You can create multiple project aliases by running firebase use --add, 
[info] but for now we'll just set up a default project.
[info] 
[debug] [2025-11-12T11:53:24.969Z] <<< [apiv2][status] GET https://firebase-public.firebaseio.com/cli.json 200
[debug] [2025-11-12T11:53:24.969Z] <<< [apiv2][body] GET https://firebase-public.firebaseio.com/cli.json {"cloudBuildErrorAfter":1594252800000,"cloudBuildWarnAfter":1590019200000,"defaultNode10After":1594252800000,"minVersion":"3.0.5","node8DeploysDisabledAfter":1613390400000,"node8RuntimeDisabledAfter":1615809600000,"node8WarnAfter":1600128000000}
[debug] [2025-11-12T11:53:42.406Z] Checked if tokens are valid: false, expires at: 1749737406455
[debug] [2025-11-12T11:53:42.406Z] Checked if tokens are valid: false, expires at: 1749737406455
[debug] [2025-11-12T11:53:42.406Z] > refreshing access token with scopes: []
[debug] [2025-11-12T11:53:42.407Z] >>> [apiv2][query] POST https://www.googleapis.com/oauth2/v3/token [none]
[debug] [2025-11-12T11:53:42.407Z] >>> [apiv2][body] POST https://www.googleapis.com/oauth2/v3/token [omitted]
[debug] [2025-11-12T11:53:42.626Z] <<< [apiv2][status] POST https://www.googleapis.com/oauth2/v3/token 200
[debug] [2025-11-12T11:53:42.626Z] <<< [apiv2][body] POST https://www.googleapis.com/oauth2/v3/token [omitted]
[debug] [2025-11-12T11:53:42.645Z] >>> [apiv2][query] GET https://firebase.googleapis.com/v1beta1/projects pageSize=100
[debug] [2025-11-12T11:53:43.690Z] <<< [apiv2][status] GET https://firebase.googleapis.com/v1beta1/projects 200
[debug] [2025-11-12T11:53:43.690Z] <<< [apiv2][body] GET https://firebase.googleapis.com/v1beta1/projects [omitted]
[debug] [2025-11-12T11:53:50.957Z] ExitPromptError: User force closed the prompt with SIGINT
    at Interface.sigint (/usr/local/nodejs22/lib/node_modules/firebase-tools/node_modules/@inquirer/core/dist/commonjs/lib/create-prompt.js:101:37)
    at Interface.emit (node:events:518:28)
    at Interface.emit (node:domain:489:12)
    at [_ttyWrite] [as _ttyWrite] (node:internal/readline/interface:1128:18)
    at ReadStream.onkeypress (node:internal/readline/interface:267:20)
    at ReadStream.emit (node:events:530:35)
    at ReadStream.emit (node:domain:489:12)
    at emitKeys (node:internal/readline/utils:370:14)
    at emitKeys.next (<anonymous>)
    at ReadStream.onData (node:internal/readline/emitKeypressEvents:64:36)
[error] 
[error] Error: An unexpected error has occurred.
